[0.011s] Invoking command in '/home/stewart/Repositories/pincer/build/arctos_urdf_description': DEBUGINFOD_URLS=https://debuginfod.ubuntu.com /usr/bin/cmake --build /home/stewart/Repositories/pincer/build/arctos_urdf_description -- -j8 -l8
[0.047s] -- Found ament_cmake: 2.5.3 (/opt/ros/jazzy/share/ament_cmake/cmake)
[0.238s] -- Found ament_lint_auto: 0.17.1 (/opt/ros/jazzy/share/ament_lint_auto/cmake)
[0.306s] Error parsing '/home/stewart/Repositories/pincer/src/arctos_urdf_description/package.xml':
[2.347s] Traceback (most recent call last):
[2.347s]   File "/opt/ros/jazzy/share/ament_cmake_core/cmake/core/package_xml_2_cmake.py", line 150, in <module>
[2.347s]     main()
[2.347s]   File "/opt/ros/jazzy/share/ament_cmake_core/cmake/core/package_xml_2_cmake.py", line 53, in main
[2.347s]     raise e
[2.347s]   File "/opt/ros/jazzy/share/ament_cmake_core/cmake/core/package_xml_2_cmake.py", line 49, in main
[2.348s]     package = parse_package_string(
[2.348s]               ^^^^^^^^^^^^^^^^^^^^^
[2.348s]   File "/usr/lib/python3/dist-packages/catkin_pkg/package.py", line 786, in parse_package_string
[2.348s]     raise InvalidPackage('Error(s):%s' % (''.join(['\n- %s' % e for e in errors])), filename)
[2.348s] catkin_pkg.package.InvalidPackage: Error(s) in package '/home/stewart/Repositories/pincer/src/arctos_urdf_description/package.xml':
[2.348s] Error(s):
[2.348s] - The manifest of package "arctos_urdf_description" (with format version 1) must not contain the following tags: build_export_depend, exec_depend
[2.349s] - Either update to a newer format or replace <exec_depend> tags with <run_depend> tags.
[2.392s] [31mCMake Error at /opt/ros/jazzy/share/ament_cmake_core/cmake/core/ament_package_xml.cmake:95 (message):
[2.392s]   execute_process(/usr/bin/python3
[2.392s]   /opt/ros/jazzy/share/ament_cmake_core/cmake/core/package_xml_2_cmake.py
[2.392s]   /home/stewart/Repositories/pincer/src/arctos_urdf_description/package.xml
[2.392s]   /home/stewart/Repositories/pincer/build/arctos_urdf_description/ament_cmake_core/package.cmake)
[2.393s]   returned error code 1
[2.393s] Call Stack (most recent call first):
[2.393s]   /opt/ros/jazzy/share/ament_cmake_core/cmake/core/ament_package_xml.cmake:49 (_ament_package_xml)
[2.393s]   /opt/ros/jazzy/share/ament_lint_auto/cmake/ament_lint_auto_find_test_dependencies.cmake:31 (ament_package_xml)
[2.393s]   CMakeLists.txt:25 (ament_lint_auto_find_test_dependencies)
[2.393s] 
[2.393s] [0m
[2.394s] -- Configuring incomplete, errors occurred!
[2.396s] gmake: *** [Makefile:226: cmake_check_build_system] Error 1
